This is pdfTeX, Version 3.1415926-2.5-1.40.14 (MiKTeX 2.9) (preloaded format=pdflatex 2014.5.10)  7 JAN 2015 00:06
entering extended mode
**dokumentacja.tex
(C:\Users\Marcin\development\surveys\Archiwum\dokumentacja.tex
LaTeX2e <2011/06/27>
Babel <v3.8m> and hyphenation patterns for english, afrikaans, ancientgreek, ar
abic, armenian, assamese, basque, bengali, bokmal, bulgarian, catalan, coptic, 
croatian, czech, danish, dutch, esperanto, estonian, farsi, finnish, french, ga
lician, german, german-x-2013-05-26, greek, gujarati, hindi, hungarian, iceland
ic, indonesian, interlingua, irish, italian, kannada, kurmanji, latin, latvian,
 lithuanian, malayalam, marathi, mongolian, mongolianlmc, monogreek, ngerman, n
german-x-2013-05-26, nynorsk, oriya, panjabi, pinyin, polish, portuguese, roman
ian, russian, sanskrit, serbian, slovak, slovenian, spanish, swedish, swissgerm
an, tamil, telugu, turkish, turkmen, ukenglish, ukrainian, uppersorbian, usengl
ishmax, welsh, loaded.
("C:\Program Files (x86)\MiKTeX 2.9\tex\latex\base\article.cls"
Document Class: article 2007/10/19 v1.4h Standard LaTeX document class
("C:\Program Files (x86)\MiKTeX 2.9\tex\latex\base\size10.clo"
File: size10.clo 2007/10/19 v1.4h Standard LaTeX file (size option)
)
\c@part=\count79
\c@section=\count80
\c@subsection=\count81
\c@subsubsection=\count82
\c@paragraph=\count83
\c@subparagraph=\count84
\c@figure=\count85
\c@table=\count86
\abovecaptionskip=\skip41
\belowcaptionskip=\skip42
\bibindent=\dimen102
)
("C:\Program Files (x86)\MiKTeX 2.9\tex\latex\base\fontenc.sty"
Package: fontenc 2005/09/27 v1.99g Standard LaTeX package

("C:\Program Files (x86)\MiKTeX 2.9\tex\latex\base\t1enc.def"
File: t1enc.def 2005/09/27 v1.99g Standard LaTeX file
LaTeX Font Info:    Redeclaring font encoding T1 on input line 43.
))
("C:\Program Files (x86)\MiKTeX 2.9\tex\latex\geometry\geometry.sty"
Package: geometry 2010/09/12 v5.6 Page Geometry

("C:\Program Files (x86)\MiKTeX 2.9\tex\latex\graphics\keyval.sty"
Package: keyval 1999/03/16 v1.13 key=value parser (DPC)
\KV@toks@=\toks14
)
("C:\Program Files (x86)\MiKTeX 2.9\tex\generic\oberdiek\ifpdf.sty"
Package: ifpdf 2011/01/30 v2.3 Provides the ifpdf switch (HO)
Package ifpdf Info: pdfTeX in PDF mode is detected.
)
("C:\Program Files (x86)\MiKTeX 2.9\tex\generic\oberdiek\ifvtex.sty"
Package: ifvtex 2010/03/01 v1.5 Detect VTeX and its facilities (HO)
Package ifvtex Info: VTeX not detected.
)
("C:\Program Files (x86)\MiKTeX 2.9\tex\generic\ifxetex\ifxetex.sty"
Package: ifxetex 2010/09/12 v0.6 Provides ifxetex conditional
)
\Gm@cnth=\count87
\Gm@cntv=\count88
\c@Gm@tempcnt=\count89
\Gm@bindingoffset=\dimen103
\Gm@wd@mp=\dimen104
\Gm@odd@mp=\dimen105
\Gm@even@mp=\dimen106
\Gm@layoutwidth=\dimen107
\Gm@layoutheight=\dimen108
\Gm@layouthoffset=\dimen109
\Gm@layoutvoffset=\dimen110
\Gm@dimlist=\toks15

("C:\Program Files (x86)\MiKTeX 2.9\tex\latex\geometry\geometry.cfg"))
("C:\Program Files (x86)\MiKTeX 2.9\tex\latex\polski\polski.sty"
Package: polski 2008/02/24 v1.3.3 Polish language package

Document language package `polski' v1.3.3 <2008/02/24>
\l@nohyphenation=\language69
("C:\Program Files (x86)\MiKTeX 2.9\tex\latex\base\ot4enc.def"
File: ot4enc.def 2005/09/27 v1.99g Standard LaTeX file
))
("C:\Program Files (x86)\MiKTeX 2.9\tex\latex\placeins\placeins.sty"
Package: placeins 2005/04/18  v 2.2
)
("C:\Program Files (x86)\MiKTeX 2.9\tex\latex\base\inputenc.sty"
Package: inputenc 2008/03/30 v1.1d Input encoding file
\inpenc@prehook=\toks16
\inpenc@posthook=\toks17

("C:\Program Files (x86)\MiKTeX 2.9\tex\latex\base\utf8.def"
File: utf8.def 2008/04/05 v1.1m UTF-8 support for inputenc
Now handling font encoding OML ...
... no UTF-8 mapping file for font encoding OML
Now handling font encoding T1 ...
... processing UTF-8 mapping file for font encoding T1

("C:\Program Files (x86)\MiKTeX 2.9\tex\latex\base\t1enc.dfu"
File: t1enc.dfu 2008/04/05 v1.1m UTF-8 support for inputenc
   defining Unicode char U+00A1 (decimal 161)
   defining Unicode char U+00A3 (decimal 163)
   defining Unicode char U+00AB (decimal 171)
   defining Unicode char U+00BB (decimal 187)
   defining Unicode char U+00BF (decimal 191)
   defining Unicode char U+00C0 (decimal 192)
   defining Unicode char U+00C1 (decimal 193)
   defining Unicode char U+00C2 (decimal 194)
   defining Unicode char U+00C3 (decimal 195)
   defining Unicode char U+00C4 (decimal 196)
   defining Unicode char U+00C5 (decimal 197)
   defining Unicode char U+00C6 (decimal 198)
   defining Unicode char U+00C7 (decimal 199)
   defining Unicode char U+00C8 (decimal 200)
   defining Unicode char U+00C9 (decimal 201)
   defining Unicode char U+00CA (decimal 202)
   defining Unicode char U+00CB (decimal 203)
   defining Unicode char U+00CC (decimal 204)
   defining Unicode char U+00CD (decimal 205)
   defining Unicode char U+00CE (decimal 206)
   defining Unicode char U+00CF (decimal 207)
   defining Unicode char U+00D0 (decimal 208)
   defining Unicode char U+00D1 (decimal 209)
   defining Unicode char U+00D2 (decimal 210)
   defining Unicode char U+00D3 (decimal 211)
   defining Unicode char U+00D4 (decimal 212)
   defining Unicode char U+00D5 (decimal 213)
   defining Unicode char U+00D6 (decimal 214)
   defining Unicode char U+00D8 (decimal 216)
   defining Unicode char U+00D9 (decimal 217)
   defining Unicode char U+00DA (decimal 218)
   defining Unicode char U+00DB (decimal 219)
   defining Unicode char U+00DC (decimal 220)
   defining Unicode char U+00DD (decimal 221)
   defining Unicode char U+00DE (decimal 222)
   defining Unicode char U+00DF (decimal 223)
   defining Unicode char U+00E0 (decimal 224)
   defining Unicode char U+00E1 (decimal 225)
   defining Unicode char U+00E2 (decimal 226)
   defining Unicode char U+00E3 (decimal 227)
   defining Unicode char U+00E4 (decimal 228)
   defining Unicode char U+00E5 (decimal 229)
   defining Unicode char U+00E6 (decimal 230)
   defining Unicode char U+00E7 (decimal 231)
   defining Unicode char U+00E8 (decimal 232)
   defining Unicode char U+00E9 (decimal 233)
   defining Unicode char U+00EA (decimal 234)
   defining Unicode char U+00EB (decimal 235)
   defining Unicode char U+00EC (decimal 236)
   defining Unicode char U+00ED (decimal 237)
   defining Unicode char U+00EE (decimal 238)
   defining Unicode char U+00EF (decimal 239)
   defining Unicode char U+00F0 (decimal 240)
   defining Unicode char U+00F1 (decimal 241)
   defining Unicode char U+00F2 (decimal 242)
   defining Unicode char U+00F3 (decimal 243)
   defining Unicode char U+00F4 (decimal 244)
   defining Unicode char U+00F5 (decimal 245)
   defining Unicode char U+00F6 (decimal 246)
   defining Unicode char U+00F8 (decimal 248)
   defining Unicode char U+00F9 (decimal 249)
   defining Unicode char U+00FA (decimal 250)
   defining Unicode char U+00FB (decimal 251)
   defining Unicode char U+00FC (decimal 252)
   defining Unicode char U+00FD (decimal 253)
   defining Unicode char U+00FE (decimal 254)
   defining Unicode char U+00FF (decimal 255)
   defining Unicode char U+0102 (decimal 258)
   defining Unicode char U+0103 (decimal 259)
   defining Unicode char U+0104 (decimal 260)
   defining Unicode char U+0105 (decimal 261)
   defining Unicode char U+0106 (decimal 262)
   defining Unicode char U+0107 (decimal 263)
   defining Unicode char U+010C (decimal 268)
   defining Unicode char U+010D (decimal 269)
   defining Unicode char U+010E (decimal 270)
   defining Unicode char U+010F (decimal 271)
   defining Unicode char U+0110 (decimal 272)
   defining Unicode char U+0111 (decimal 273)
   defining Unicode char U+0118 (decimal 280)
   defining Unicode char U+0119 (decimal 281)
   defining Unicode char U+011A (decimal 282)
   defining Unicode char U+011B (decimal 283)
   defining Unicode char U+011E (decimal 286)
   defining Unicode char U+011F (decimal 287)
   defining Unicode char U+0130 (decimal 304)
   defining Unicode char U+0131 (decimal 305)
   defining Unicode char U+0132 (decimal 306)
   defining Unicode char U+0133 (decimal 307)
   defining Unicode char U+0139 (decimal 313)
   defining Unicode char U+013A (decimal 314)
   defining Unicode char U+013D (decimal 317)
   defining Unicode char U+013E (decimal 318)
   defining Unicode char U+0141 (decimal 321)
   defining Unicode char U+0142 (decimal 322)
   defining Unicode char U+0143 (decimal 323)
   defining Unicode char U+0144 (decimal 324)
   defining Unicode char U+0147 (decimal 327)
   defining Unicode char U+0148 (decimal 328)
   defining Unicode char U+014A (decimal 330)
   defining Unicode char U+014B (decimal 331)
   defining Unicode char U+0150 (decimal 336)
   defining Unicode char U+0151 (decimal 337)
   defining Unicode char U+0152 (decimal 338)
   defining Unicode char U+0153 (decimal 339)
   defining Unicode char U+0154 (decimal 340)
   defining Unicode char U+0155 (decimal 341)
   defining Unicode char U+0158 (decimal 344)
   defining Unicode char U+0159 (decimal 345)
   defining Unicode char U+015A (decimal 346)
   defining Unicode char U+015B (decimal 347)
   defining Unicode char U+015E (decimal 350)
   defining Unicode char U+015F (decimal 351)
   defining Unicode char U+0160 (decimal 352)
   defining Unicode char U+0161 (decimal 353)
   defining Unicode char U+0162 (decimal 354)
   defining Unicode char U+0163 (decimal 355)
   defining Unicode char U+0164 (decimal 356)
   defining Unicode char U+0165 (decimal 357)
   defining Unicode char U+016E (decimal 366)
   defining Unicode char U+016F (decimal 367)
   defining Unicode char U+0170 (decimal 368)
   defining Unicode char U+0171 (decimal 369)
   defining Unicode char U+0178 (decimal 376)
   defining Unicode char U+0179 (decimal 377)
   defining Unicode char U+017A (decimal 378)
   defining Unicode char U+017B (decimal 379)
   defining Unicode char U+017C (decimal 380)
   defining Unicode char U+017D (decimal 381)
   defining Unicode char U+017E (decimal 382)
   defining Unicode char U+200C (decimal 8204)
   defining Unicode char U+2013 (decimal 8211)
   defining Unicode char U+2014 (decimal 8212)
   defining Unicode char U+2018 (decimal 8216)
   defining Unicode char U+2019 (decimal 8217)
   defining Unicode char U+201A (decimal 8218)
   defining Unicode char U+201C (decimal 8220)
   defining Unicode char U+201D (decimal 8221)
   defining Unicode char U+201E (decimal 8222)
   defining Unicode char U+2030 (decimal 8240)
   defining Unicode char U+2031 (decimal 8241)
   defining Unicode char U+2039 (decimal 8249)
   defining Unicode char U+203A (decimal 8250)
   defining Unicode char U+2423 (decimal 9251)
)
Now handling font encoding OT1 ...
... processing UTF-8 mapping file for font encoding OT1

("C:\Program Files (x86)\MiKTeX 2.9\tex\latex\base\ot1enc.dfu"
File: ot1enc.dfu 2008/04/05 v1.1m UTF-8 support for inputenc
   defining Unicode char U+00A1 (decimal 161)
   defining Unicode char U+00A3 (decimal 163)
   defining Unicode char U+00B8 (decimal 184)
   defining Unicode char U+00BF (decimal 191)
   defining Unicode char U+00C5 (decimal 197)
   defining Unicode char U+00C6 (decimal 198)
   defining Unicode char U+00D8 (decimal 216)
   defining Unicode char U+00DF (decimal 223)
   defining Unicode char U+00E6 (decimal 230)
   defining Unicode char U+00EC (decimal 236)
   defining Unicode char U+00ED (decimal 237)
   defining Unicode char U+00EE (decimal 238)
   defining Unicode char U+00EF (decimal 239)
   defining Unicode char U+00F8 (decimal 248)
   defining Unicode char U+0131 (decimal 305)
   defining Unicode char U+0141 (decimal 321)
   defining Unicode char U+0142 (decimal 322)
   defining Unicode char U+0152 (decimal 338)
   defining Unicode char U+0153 (decimal 339)
   defining Unicode char U+2013 (decimal 8211)
   defining Unicode char U+2014 (decimal 8212)
   defining Unicode char U+2018 (decimal 8216)
   defining Unicode char U+2019 (decimal 8217)
   defining Unicode char U+201C (decimal 8220)
   defining Unicode char U+201D (decimal 8221)
)
Now handling font encoding OMS ...
... processing UTF-8 mapping file for font encoding OMS

("C:\Program Files (x86)\MiKTeX 2.9\tex\latex\base\omsenc.dfu"
File: omsenc.dfu 2008/04/05 v1.1m UTF-8 support for inputenc
   defining Unicode char U+00A7 (decimal 167)
   defining Unicode char U+00B6 (decimal 182)
   defining Unicode char U+00B7 (decimal 183)
   defining Unicode char U+2020 (decimal 8224)
   defining Unicode char U+2021 (decimal 8225)
   defining Unicode char U+2022 (decimal 8226)
)
Now handling font encoding OMX ...
... no UTF-8 mapping file for font encoding OMX
Now handling font encoding U ...
... no UTF-8 mapping file for font encoding U
Now handling font encoding OT4 ...
... no UTF-8 mapping file for font encoding OT4
   defining Unicode char U+00A9 (decimal 169)
   defining Unicode char U+00AA (decimal 170)
   defining Unicode char U+00AE (decimal 174)
   defining Unicode char U+00BA (decimal 186)
   defining Unicode char U+02C6 (decimal 710)
   defining Unicode char U+02DC (decimal 732)
   defining Unicode char U+200C (decimal 8204)
   defining Unicode char U+2026 (decimal 8230)
   defining Unicode char U+2122 (decimal 8482)
   defining Unicode char U+2423 (decimal 9251)
))
("C:\Program Files (x86)\MiKTeX 2.9\tex\latex\tools\longtable.sty"
Package: longtable 2004/02/01 v4.11 Multi-page Table package (DPC)
\LTleft=\skip43
\LTright=\skip44
\LTpre=\skip45
\LTpost=\skip46
\LTchunksize=\count90
\LTcapwidth=\dimen111
\LT@head=\box26
\LT@firsthead=\box27
\LT@foot=\box28
\LT@lastfoot=\box29
\LT@cols=\count91
\LT@rows=\count92
\c@LT@tables=\count93
\c@LT@chunks=\count94
\LT@p@ftn=\toks18
)
("C:\Program Files (x86)\MiKTeX 2.9\tex\latex\graphics\color.sty"
Package: color 2005/11/14 v1.0j Standard LaTeX Color (DPC)

("C:\Program Files (x86)\MiKTeX 2.9\tex\latex\00miktex\color.cfg"
File: color.cfg 2007/01/18 v1.5 color configuration of teTeX/TeXLive
)
Package color Info: Driver file: pdftex.def on input line 130.

("C:\Program Files (x86)\MiKTeX 2.9\tex\latex\pdftex-def\pdftex.def"
File: pdftex.def 2011/05/27 v0.06d Graphics/color for pdfTeX

("C:\Program Files (x86)\MiKTeX 2.9\tex\generic\oberdiek\infwarerr.sty"
Package: infwarerr 2010/04/08 v1.3 Providing info/warning/error messages (HO)
)
("C:\Program Files (x86)\MiKTeX 2.9\tex\generic\oberdiek\ltxcmds.sty"
Package: ltxcmds 2011/11/09 v1.22 LaTeX kernel commands for general use (HO)
)
\Gread@gobject=\count95
))
("C:\Program Files (x86)\MiKTeX 2.9\tex\latex\listings\listings.sty"
\lst@mode=\count96
\lst@gtempboxa=\box30
\lst@token=\toks19
\lst@length=\count97
\lst@currlwidth=\dimen112
\lst@column=\count98
\lst@pos=\count99
\lst@lostspace=\dimen113
\lst@width=\dimen114
\lst@newlines=\count100
\lst@lineno=\count101
\lst@maxwidth=\dimen115

("C:\Program Files (x86)\MiKTeX 2.9\tex\latex\listings\lstmisc.sty"
File: lstmisc.sty 2014/09/06 1.5e (Carsten Heinz)
\c@lstnumber=\count102
\lst@skipnumbers=\count103
\lst@framebox=\box31
)
("C:\Program Files (x86)\MiKTeX 2.9\tex\latex\listings\listings.cfg"
File: listings.cfg 2014/09/06 1.5e listings configuration
))
Package: listings 2014/09/06 1.5e (Carsten Heinz)

("C:\Program Files (x86)\MiKTeX 2.9\tex\latex\listings\lstlang1.sty"
File: lstlang1.sty 2014/09/06 1.5e listings language file
)
("C:\Program Files (x86)\MiKTeX 2.9\tex\latex\float\float.sty"
Package: float 2001/11/08 v1.3d Float enhancements (AL)
\c@float@type=\count104
\float@exts=\toks20
\float@box=\box32
\@float@everytoks=\toks21
\@floatcapt=\box33
)
("C:\Program Files (x86)\MiKTeX 2.9\tex\latex\graphics\graphicx.sty"
Package: graphicx 1999/02/16 v1.0f Enhanced LaTeX Graphics (DPC,SPQR)

("C:\Program Files (x86)\MiKTeX 2.9\tex\latex\graphics\graphics.sty"
Package: graphics 2009/02/05 v1.0o Standard LaTeX Graphics (DPC,SPQR)

("C:\Program Files (x86)\MiKTeX 2.9\tex\latex\graphics\trig.sty"
Package: trig 1999/03/16 v1.09 sin cos tan (DPC)
)
("C:\Program Files (x86)\MiKTeX 2.9\tex\latex\00miktex\graphics.cfg"
File: graphics.cfg 2007/01/18 v1.5 graphics configuration of teTeX/TeXLive
)
Package graphics Info: Driver file: pdftex.def on input line 91.
)
\Gin@req@height=\dimen116
\Gin@req@width=\dimen117
)

LaTeX Warning: Unused global option(s):
    [8pt].

(C:\Users\Marcin\development\surveys\Archiwum\dokumentacja.aux)
LaTeX Font Info:    Checking defaults for OML/cmm/m/it on input line 30.
LaTeX Font Info:    ... okay on input line 30.
LaTeX Font Info:    Checking defaults for T1/cmr/m/n on input line 30.
LaTeX Font Info:    ... okay on input line 30.
LaTeX Font Info:    Checking defaults for OT1/cmr/m/n on input line 30.
LaTeX Font Info:    ... okay on input line 30.
LaTeX Font Info:    Checking defaults for OMS/cmsy/m/n on input line 30.
LaTeX Font Info:    ... okay on input line 30.
LaTeX Font Info:    Checking defaults for OMX/cmex/m/n on input line 30.
LaTeX Font Info:    ... okay on input line 30.
LaTeX Font Info:    Checking defaults for U/cmr/m/n on input line 30.
LaTeX Font Info:    ... okay on input line 30.
LaTeX Font Info:    Checking defaults for OT4/cmr/m/n on input line 30.
LaTeX Font Info:    Try loading font information for OT4+cmr on input line 30.

("C:\Program Files (x86)\MiKTeX 2.9\tex\latex\polski\ot4cmr.fd"
File: ot4cmr.fd 2008/02/24 v1.2.1 Font defs for fonts PL (MW)
)
LaTeX Font Info:    ... okay on input line 30.

*geometry* driver: auto-detecting
*geometry* detected driver: pdftex
*geometry* verbose mode - [ preamble ] result:
* driver: pdftex
* paper: a4paper
* layout: <same size as paper>
* layoutoffset:(h,v)=(0.0pt,0.0pt)
* modes: 
* h-part:(L,W,R)=(85.35826pt, 426.79135pt, 85.35826pt)
* v-part:(T,H,B)=(85.35826pt, 688.5567pt, 71.13188pt)
* \paperwidth=597.50787pt
* \paperheight=845.04684pt
* \textwidth=426.79135pt
* \textheight=688.5567pt
* \oddsidemargin=13.08827pt
* \evensidemargin=13.08827pt
* \topmargin=-23.91173pt
* \headheight=12.0pt
* \headsep=25.0pt
* \topskip=10.0pt
* \footskip=30.0pt
* \marginparwidth=57.0pt
* \marginparsep=11.0pt
* \columnsep=10.0pt
* \skip\footins=9.0pt plus 4.0pt minus 2.0pt
* \hoffset=0.0pt
* \voffset=0.0pt
* \mag=1000
* \@twocolumnfalse
* \@twosidefalse
* \@mparswitchfalse
* \@reversemarginfalse
* (1in=72.27pt=25.4mm, 1cm=28.453pt)

("C:\Program Files (x86)\MiKTeX 2.9\tex\context\base\supp-pdf.mkii"
[Loading MPS to PDF converter (version 2006.09.02).]
\scratchcounter=\count105
\scratchdimen=\dimen118
\scratchbox=\box34
\nofMPsegments=\count106
\nofMParguments=\count107
\everyMPshowfont=\toks22
\MPscratchCnt=\count108
\MPscratchDim=\dimen119
\MPnumerator=\count109
\makeMPintoPDFobject=\count110
\everyMPtoPDFconversion=\toks23
)
\c@lstlisting=\count111
LaTeX Font Info:    External font `cmex10' loaded for size
(Font)              <7> on input line 67.
LaTeX Font Info:    External font `cmex10' loaded for size
(Font)              <5> on input line 67.
 [1

{C:/ProgramData/MiKTeX/2.9/pdftex/config/pdftex.map}]
(C:\Users\Marcin\development\surveys\Archiwum\dokumentacja.toc
LaTeX Font Info:    Try loading font information for OMS+cmr on input line 33.

("C:\Program Files (x86)\MiKTeX 2.9\tex\latex\base\omscmr.fd"
File: omscmr.fd 1999/05/25 v2.5h Standard LaTeX font definitions
)
LaTeX Font Info:    Font shape `OMS/cmr/m/n' in size <10> not available
(Font)              Font shape `OMS/cmsy/m/n' tried instead on input line 33.
 [2])
\tf@toc=\write3
 [3]
[4] <obrazy/useCaseAuthor.jpg, id=22, 581.92406pt x 380.17032pt>
File: obrazy/useCaseAuthor.jpg Graphic file (type jpg)

<use obrazy/useCaseAuthor.jpg>
Package pdftex.def Info: obrazy/useCaseAuthor.jpg used on input line 102.
(pdftex.def)             Requested size: 581.92264pt x 380.16939pt.

Overfull \hbox (9.65062pt too wide) in paragraph at lines 102--103
 [] 
 []

[5 <C:/Users/Marcin/development/surveys/Archiwum/obrazy/useCaseAuthor.jpg>]
<obrazy/useCaseRespondent.jpg, id=26, 326.72063pt x 274.02374pt>
File: obrazy/useCaseRespondent.jpg Graphic file (type jpg)

<use obrazy/useCaseRespondent.jpg>
Package pdftex.def Info: obrazy/useCaseRespondent.jpg used on input line 112.
(pdftex.def)             Requested size: 326.71982pt x 274.02307pt.
 [6 <C:/Users/Marcin/development/surveys/Archiwum/obrazy/useCaseRespondent.jpg>
] [7]
<obrazy/googleDocs.jpg, id=34, 632.3625pt x 384.6872pt>
File: obrazy/googleDocs.jpg Graphic file (type jpg)

<use obrazy/googleDocs.jpg>
Package pdftex.def Info: obrazy/googleDocs.jpg used on input line 201.
(pdftex.def)             Requested size: 632.36096pt x 384.68625pt.
 [8 <C:/Users/Marcin/development/surveys/Archiwum/obrazy/googleDocs.jpg>] <obra
zy/ankietkapl.jpg, id=38, 605.26125pt x 391.4625pt>
File: obrazy/ankietkapl.jpg Graphic file (type jpg)

<use obrazy/ankietkapl.jpg>
Package pdftex.def Info: obrazy/ankietkapl.jpg used on input line 226.
(pdftex.def)             Requested size: 605.25975pt x 391.46153pt.
 [9 <C:/Users/Marcin/development/surveys/Archiwum/obrazy/ankietkapl.jpg>] <obra
zy/surveyMonkey.jpg, id=42, 602.25pt x 378.66469pt>
File: obrazy/surveyMonkey.jpg Graphic file (type jpg)

<use obrazy/surveyMonkey.jpg>
Package pdftex.def Info: obrazy/surveyMonkey.jpg used on input line 250.
(pdftex.def)             Requested size: 602.24852pt x 378.66376pt.
 [10 <C:/Users/Marcin/development/surveys/Archiwum/obrazy/surveyMonkey.jpg>]
<obrazy/architektura.png, id=46, 666.23906pt x 277.78781pt>
File: obrazy/architektura.png Graphic file (type png)

<use obrazy/architektura.png>
Package pdftex.def Info: obrazy/architektura.png used on input line 273.
(pdftex.def)             Requested size: 666.23743pt x 277.78711pt.

Overfull \hbox (19.5865pt too wide) in paragraph at lines 273--274
 [] 
 []

[11 <C:/Users/Marcin/development/surveys/Archiwum/obrazy/architektura.png>]
<obrazy/nginx.jpg, id=51, 374.90062pt x 269.50688pt>
File: obrazy/nginx.jpg Graphic file (type jpg)
 <use obrazy/nginx.jpg>
Package pdftex.def Info: obrazy/nginx.jpg used on input line 286.
(pdftex.def)             Requested size: 374.8997pt x 269.50621pt.

<obrazy/db.jpg, id=52, 498.36188pt x 369.63094pt>
File: obrazy/db.jpg Graphic file (type jpg)
 <use obrazy/db.jpg>
Package pdftex.def Info: obrazy/db.jpg used on input line 296.
(pdftex.def)             Requested size: 498.36066pt x 369.63002pt.
 [12 <C:/Users/Marcin/development/surveys/Archiwum/obrazy/nginx.jpg>] [13 <C:/U
sers/Marcin/development/surveys/Archiwum/obrazy/db.jpg>]
LaTeX Font Info:    Try loading font information for OT4+cmtt on input line 307
.

("C:\Program Files (x86)\MiKTeX 2.9\tex\latex\polski\ot4cmtt.fd"
File: ot4cmtt.fd 2008/02/24 v1.2.1 Font defs for fonts PL (MW)
)
<obrazy/petla.jpg, id=60, 424.58624pt x 269.50688pt>
File: obrazy/petla.jpg Graphic file (type jpg)
 <use obrazy/petla.jpg>
Package pdftex.def Info: obrazy/petla.jpg used on input line 319.
(pdftex.def)             Requested size: 424.5852pt x 269.50621pt.

[14] <obrazy/mongo.jpg, id=65, 703.12688pt x 447.92343pt>
File: obrazy/mongo.jpg Graphic file (type jpg)

<use obrazy/mongo.jpg>
Package pdftex.def Info: obrazy/mongo.jpg used on input line 338.
(pdftex.def)             Requested size: 703.12515pt x 447.92233pt.
 [15 <C:/Users/Marcin/development/surveys/Archiwum/obrazy/petla.jpg>]

LaTeX Font Warning: Font shape `OT4/cmtt/bx/n' in size <10> not available
(Font)              Font shape `OT4/cmtt/m/n' tried instead on input line 352.

[16 <C:/Users/Marcin/development/surveys/Archiwum/obrazy/mongo.jpg>] [17]
<obrazy/klasy.jpg, id=75, 600.74437pt x 425.33907pt>
File: obrazy/klasy.jpg Graphic file (type jpg)
 <use obrazy/klasy.jpg>
Package pdftex.def Info: obrazy/klasy.jpg used on input line 394.
(pdftex.def)             Requested size: 600.7429pt x 425.33801pt.

[18 <C:/Users/Marcin/development/surveys/Archiwum/obrazy/klasy.jpg>] [19]
[20]
LaTeX Font Info:    Font shape `OMS/cmr/bx/n' in size <10> not available
(Font)              Font shape `OMS/cmsy/b/n' tried instead on input line 478.
 [21] [22] [23] [24] [25] [26] [27] [28] [29]
<obrazy/node.jpg, id=115, 473.51906pt x 282.30469pt>
File: obrazy/node.jpg Graphic file (type jpg)
 <use obrazy/node.jpg>
Package pdftex.def Info: obrazy/node.jpg used on input line 829.
(pdftex.def)             Requested size: 426.79135pt x 254.45523pt.

Overfull \hbox (84.04402pt too wide) in paragraph at lines 834--835
\OT4/cmr/m/n/10 Aby za-in-sta-lo-wa¢ \OT4/cmr/m/it/10 No-de.js \OT4/cmr/m/n/10 
na sys-te-mie ope-ra-cyj-nym \OT4/cmr/m/it/10 Win-dows \OT4/cmr/m/n/10 wy-star-
czy przej±¢ na stro-n¦ \OT4/cmr/m/it/10 http://nodejs.org/download/\OT4/cmr/m/n
/10 ,
 []

[30 <C:/Users/Marcin/development/surveys/Archiwum/obrazy/node.jpg>] [31]
Overfull \hbox (13.84732pt too wide) in paragraph at lines 922--923
\OT4/cmr/m/n/10 te-rze. Na-st¦p-nie na-le-»y przej±¢ na stro-n¦ po-bie-ra-nia M
on-goDB (http://www.mongodb.org/downloads)
 []

<obrazy/mongoWdr.jpg, id=123, 406.51875pt x 420.82219pt>
File: obrazy/mongoWdr.jpg Graphic file (type jpg)

<use obrazy/mongoWdr.jpg>
Package pdftex.def Info: obrazy/mongoWdr.jpg used on input line 926.
(pdftex.def)             Requested size: 426.79135pt x 441.82495pt.
 [32]
Underfull \hbox (badness 10000) in paragraph at lines 929--930

 []

[33 <C:/Users/Marcin/development/surveys/Archiwum/obrazy/mongoWdr.jpg>]
[34] [35] <obrazy/register.jpg, id=136, 776.14969pt x 394.47375pt>
File: obrazy/register.jpg Graphic file (type jpg)

<use obrazy/register.jpg>
Package pdftex.def Info: obrazy/register.jpg used on input line 1024.
(pdftex.def)             Requested size: 426.79135pt x 216.91908pt.

<obrazy/newSurvey.jpg, id=137, 776.9025pt x 355.3275pt>
File: obrazy/newSurvey.jpg Graphic file (type jpg)

<use obrazy/newSurvey.jpg>
Package pdftex.def Info: obrazy/newSurvey.jpg used on input line 1033.
(pdftex.def)             Requested size: 426.79135pt x 195.203pt.
 [36 <C:/Users/Marcin/development/surveys/Archiwum/obrazy/register.jpg>]
<obrazy/edycjaBasic.jpg, id=141, 1026.83624pt x 319.94531pt>
File: obrazy/edycjaBasic.jpg Graphic file (type jpg)

<use obrazy/edycjaBasic.jpg>
Package pdftex.def Info: obrazy/edycjaBasic.jpg used on input line 1039.
(pdftex.def)             Requested size: 426.79135pt x 132.97986pt.

<obrazy/edycjaPytan.jpg, id=142, 765.6103pt x 466.74374pt>
File: obrazy/edycjaPytan.jpg Graphic file (type jpg)

<use obrazy/edycjaPytan.jpg>
Package pdftex.def Info: obrazy/edycjaPytan.jpg used on input line 1048.
(pdftex.def)             Requested size: 426.79135pt x 260.18535pt.
 [37 <C:/Users/Marcin/development/surveys/Archiwum/obrazy/newSurvey.jpg> <C:/Us
ers/Marcin/development/surveys/Archiwum/obrazy/edycjaBasic.jpg>] <obrazy/sharin
g.jpg, id=147, 775.39688pt x 310.15875pt>
File: obrazy/sharing.jpg Graphic file (type jpg)

<use obrazy/sharing.jpg>
Package pdftex.def Info: obrazy/sharing.jpg used on input line 1058.
(pdftex.def)             Requested size: 426.79135pt x 170.72035pt.

<obrazy/analysis.jpg, id=148, 765.6103pt x 461.47406pt>
File: obrazy/analysis.jpg Graphic file (type jpg)

<use obrazy/analysis.jpg>
Package pdftex.def Info: obrazy/analysis.jpg used on input line 1068.
(pdftex.def)             Requested size: 426.79135pt x 257.24777pt.
 [38 <C:/Users/Marcin/development/surveys/Archiwum/obrazy/edycjaPytan.jpg> <C:/
Users/Marcin/development/surveys/Archiwum/obrazy/sharing.jpg>] [39 <C:/Users/Ma
rcin/development/surveys/Archiwum/obrazy/analysis.jpg>] [40]
Overfull \hbox (49.77357pt too wide) in paragraph at lines 1099--1111
\OT4/cmr/m/n/10 3. \OT4/cmr/m/it/10 Bez-pie-cze«-stwo apli-ka-cji in-ter-ne-to-
wych ba-zu-j¡-cych na plat-for-mie No-de.js\OT4/cmr/m/n/10 , http://sekurak.pl/
bezpieczenstwo-
 []


Underfull \hbox (badness 10000) in paragraph at lines 1099--1111

 []

[41] (C:\Users\Marcin\development\surveys\Archiwum\dokumentacja.lof)
\tf@lof=\write4
 [42]
(C:\Users\Marcin\development\surveys\Archiwum\dokumentacja.lol)
\tf@lol=\write5
 [43]
(C:\Users\Marcin\development\surveys\Archiwum\dokumentacja.aux) ) 
Here is how much of TeX's memory you used:
 4445 strings out of 493921
 58612 string characters out of 3144873
 155265 words of memory out of 3000000
 7664 multiletter control sequences out of 15000+200000
 11039 words of font info for 29 fonts, out of 3000000 for 9000
 841 hyphenation exceptions out of 8191
 26i,8n,40p,973b,1602s stack positions out of 5000i,500n,10000p,200000b,50000s
{C:/Program Fi
les (x86)/MiKTeX 2.9/fonts/enc/dvips/pl/pltt.enc}{C:/Program Files (x86)/MiKTeX
 2.9/fonts/enc/dvips/pl/plit.enc}{C:/Program Files (x86)/MiKTeX 2.9/fonts/enc/d
vips/pl/plrm.enc}{C:/Program Files (x86)/MiKTeX 2.9/fonts/enc/dvips/pl/plsc.enc
}<C:/Program Files (x86)/MiKTeX 2.9/fonts/type1/public/amsfonts/cm/cmbsy10.pfb>
<C:/Program Files (x86)/MiKTeX 2.9/fonts/type1/public/amsfonts/cm/cmsy10.pfb><C
:/Program Files (x86)/MiKTeX 2.9/fonts/type1/public/pl/plbx10.pfb><C:/Program F
iles (x86)/MiKTeX 2.9/fonts/type1/public/pl/plbx12.pfb><C:/Program Files (x86)/
MiKTeX 2.9/fonts/type1/public/pl/plcsc10.pfb><C:/Program Files (x86)/MiKTeX 2.9
/fonts/type1/public/pl/plr10.pfb><C:/Program Files (x86)/MiKTeX 2.9/fonts/type1
/public/pl/plr12.pfb><C:/Program Files (x86)/MiKTeX 2.9/fonts/type1/public/pl/p
lr9.pfb><C:/Program Files (x86)/MiKTeX 2.9/fonts/type1/public/pl/plti10.pfb><C:
/Program Files (x86)/MiKTeX 2.9/fonts/type1/public/pl/plti9.pfb><C:/Program Fil
es (x86)/MiKTeX 2.9/fonts/type1/public/pl/pltt10.pfb>
Output written on dokumentacja.pdf (43 pages, 1060073 bytes).
PDF statistics:
 209 PDF objects out of 1000 (max. 8388607)
 0 named destinations out of 1000 (max. 500000)
 96 words of extra memory for PDF output out of 10000 (max. 10000000)

